0 info it worked if it ends with ok
1 verbose cli [ 'node',
1 verbose cli   'C:\\users\\jtreworgy\\appdata\\roaming\\npm\\node_modules\\npm\\bin\\npm-cli.js',
1 verbose cli   'run',
1 verbose cli   'test' ]
2 info using npm@3.3.1
3 info using node@v0.12.7
4 verbose run-script [ 'pretest', 'test', 'posttest' ]
5 info lifecycle rwlock-plus@1.0.0~pretest: rwlock-plus@1.0.0
6 silly lifecycle rwlock-plus@1.0.0~pretest: no script for pretest, continuing
7 info lifecycle rwlock-plus@1.0.0~test: rwlock-plus@1.0.0
8 verbose lifecycle rwlock-plus@1.0.0~test: unsafe-perm in lifecycle true
9 verbose lifecycle rwlock-plus@1.0.0~test: PATH: C:\users\jtreworgy\appdata\roaming\npm\node_modules\npm\bin\node-gyp-bin;C:\Users\JTREWORGY\code\rwlock-plus\node_modules\.bin;C:\Program Files\ConEmu;C:\Program Files\ConEmu\ConEmu;C:\ProgramData\Oracle\Java\javapath;C:\Program Files\Git\cmd;C:\Program Files\Git\mingw64\bin;C:\Program Files\Git\usr\bin;C:\Windows\system32;C:\Windows;C:\Windows\System32\Wbem;C:\Windows\System32\WindowsPowerShell\v1.0\;C:\Program Files (x86)\Microsoft SQL Server\110\Tools\Binn\ManagementStudio\;D:\Program Files\Microsoft SQL Server\110\Tools\Binn\;C:\Program Files (x86)\Microsoft Visual Studio 10.0\Common7\IDE\PrivateAssemblies\;C:\Program Files (x86)\Microsoft SQL Server\110\DTS\Binn\;d:\apps;c:\users\jtreworgy\appdata\roaming\npm;C:\Program Files\nodejs;C:\Program Files (x86)\Microsoft Team Foundation Server 2013 Power Tools\;C:\Program Files (x86)\Microsoft Team Foundation Server 2013 Power Tools\Best Practices Analyzer\;D:\Program Files\Microsoft SQL Server\120\Tools\Binn\;C:\Windows\System32\WindowsPowerShell\v1.0\;C:\Program Files (x86)\Java\jre7\bin;C:\Users\JTREWORGY\.nvmw;C:\Program Files (x86)\AMD\ATI.ACE\Core-Static;C:\Users\JTREWORGY\.dnx\bin;C:\Program Files\Microsoft DNX\Dnvm\;C:\Program Files (x86)\Skype\Phone\;C:\ProgramData\chocolatey\bin;C:\HashiCorp\Vagrant\bin;C:\Program Files (x86)\Brief\;C:\Program Files (x86)\Microsoft Visual Studio 12.0\VC\bin;C:\Program Files (x86)\Microsoft Visual Studio 12.0\VC\include;C:\Users\JTREWORGY\.babun;
10 verbose lifecycle rwlock-plus@1.0.0~test: CWD: C:\Users\JTREWORGY\code\rwlock-plus
11 silly lifecycle rwlock-plus@1.0.0~test: Args: [ '/d /s /c', 'mocha ./test' ]
12 silly lifecycle rwlock-plus@1.0.0~test: Returned: code: 1  signal: null
13 info lifecycle rwlock-plus@1.0.0~test: Failed to exec test script
14 verbose stack Error: rwlock-plus@1.0.0 test: `mocha ./test`
14 verbose stack Exit status 1
14 verbose stack     at EventEmitter.<anonymous> (C:\users\jtreworgy\appdata\roaming\npm\node_modules\npm\lib\utils\lifecycle.js:233:16)
14 verbose stack     at EventEmitter.emit (events.js:110:17)
14 verbose stack     at ChildProcess.<anonymous> (C:\users\jtreworgy\appdata\roaming\npm\node_modules\npm\lib\utils\spawn.js:24:14)
14 verbose stack     at ChildProcess.emit (events.js:110:17)
14 verbose stack     at maybeClose (child_process.js:1015:16)
14 verbose stack     at Process.ChildProcess._handle.onexit (child_process.js:1087:5)
15 verbose pkgid rwlock-plus@1.0.0
16 verbose cwd C:\Users\JTREWORGY\code\rwlock-plus
17 error Windows_NT 6.1.7601
18 error argv "node" "C:\\users\\jtreworgy\\appdata\\roaming\\npm\\node_modules\\npm\\bin\\npm-cli.js" "run" "test"
19 error node v0.12.7
20 error npm  v3.3.1
21 error code ELIFECYCLE
22 error rwlock-plus@1.0.0 test: `mocha ./test`
22 error Exit status 1
23 error Failed at the rwlock-plus@1.0.0 test script 'mocha ./test'.
23 error This is most likely a problem with the rwlock-plus package,
23 error not with npm itself.
23 error Tell the author that this fails on your system:
23 error     mocha ./test
23 error You can get their info via:
23 error     npm owner ls rwlock-plus
23 error There is likely additional logging output above.
24 verbose exit [ 1, true ]
